2021-05-07 03:53:23 [JavaFX Application Thread] accountant.controller.LoginController.login()
INFO: zltnd Sikeresen bejelentkezett.
2021-05-07 03:54:10 [JavaFX Application Thread] accountant.controller.LoginController.login()
INFO: zltnd Sikeresen bejelentkezett.
2021-05-07 03:56:37 [JavaFX Application Thread] accountant.controller.LoginController.login()
INFO: zltnd Sikeresen bejelentkezett.
2021-05-07 03:59:56 [JavaFX Application Thread] accountant.controller.LoginController.login()
ERROR: zltnd : Bejelentkezési hiba!
2021-05-07 04:00:08 [JavaFX Application Thread] accountant.controller.LoginController.registration()
INFO: test Sikeresen regisztrált.
2021-05-07 04:21:22 [JavaFX Application Thread] accountant.controller.LoginController.registration()
INFO: zltnd Sikeresen regisztrált.
2021-05-07 04:21:38 [JavaFX Application Thread] accountant.controller.LoginController.login()
ERROR: zltnd : Bejelentkezési hiba!
2021-05-07 04:21:49 [JavaFX Application Thread] accountant.controller.LoginController.login()
ERROR: zltnd : Bejelentkezési hiba!
2021-05-07 04:21:58 [JavaFX Application Thread] accountant.controller.LoginController.login()
INFO: test Sikeresen bejelentkezett.
2021-05-07 04:23:01 [JavaFX Application Thread] accountant.controller.LoginController.login()
INFO: test Sikeresen bejelentkezett.
2021-05-07 04:23:54 [JavaFX Application Thread] accountant.controller.LoginController.login()
INFO: test Sikeresen bejelentkezett.
2021-05-07 04:24:46 [JavaFX Application Thread] accountant.controller.LoginController.login()
INFO: test Sikeresen bejelentkezett.
2021-05-07 04:37:37 [JavaFX Application Thread] accountant.controller.LoginController.login()
INFO: test Sikeresen bejelentkezett.
2021-05-07 04:38:57 [JavaFX Application Thread] accountant.controller.LoginController.login()
INFO: test Sikeresen bejelentkezett.
2021-05-07 04:39:00 [JavaFX Application Thread] accountant.controller.MenuController.logout()
INFO: test kijelentkezett.
2021-05-07 13:21:39 [JavaFX Application Thread] accountant.controller.LoginController.login()
INFO: test Sikeresen bejelentkezett.
2021-05-07 13:21:49 [JavaFX Application Thread] accountant.controller.MenuController.logout()
INFO: test kijelentkezett.
2021-05-07 13:22:11 [JavaFX Application Thread] accountant.controller.LoginController.login()
INFO: test Sikeresen bejelentkezett.
2021-05-07 13:22:48 [JavaFX Application Thread] accountant.controller.LoginController.login()
ERROR: as : Bejelentkezési hiba!
2021-05-07 14:44:13 [JavaFX Application Thread] accountant.controller.LoginController.login()
ERROR: zltnd : Bejelentkezési hiba!
2021-05-07 14:44:18 [JavaFX Application Thread] accountant.controller.LoginController.login()
INFO: test Sikeresen bejelentkezett.
2021-05-07 14:44:23 [JavaFX Application Thread] accountant.controller.MenuController.logout()
INFO: test kijelentkezett.
